Using pre-set license
Built from '2020.2/staging' branch; Version is '2020.2.3f1 (8ff31bc5bf5b) revision 9433883'; Using compiler version '192528614'; Build Type 'Release'
OS: 'Windows 10 Home; OS build 19042.867; Version 2009; 64bit' Language: 'en' Physical Memory: 32718 MB
BatchMode: 1, IsHumanControllingUs: 0, StartBugReporterOnCrash: 0, Is64bit: 1, IsPro: 0

 COMMAND LINE ARGUMENTS:
C:\Program Files\Unity\Hub\Editor\2020.2.3f1\Editor\Unity.exe
-adb2
-batchMode
-noUpm
-name
AssetImportWorker0
-projectPath
C:/Users/User/Documents/GitHub/IGME671-Final-Project/Game Project
-logFile
Logs/AssetImportWorker0.log
-srvPort
56510
Successfully changed project path to: C:/Users/User/Documents/GitHub/IGME671-Final-Project/Game Project
C:/Users/User/Documents/GitHub/IGME671-Final-Project/Game Project
Using Asset Import Pipeline V2.
Refreshing native plugins compatible for Editor in 59.93 ms, found 2 plugins.
Preloading 0 native plugins for Editor in 0.00 ms.
Initialize engine version: 2020.2.3f1 (8ff31bc5bf5b)
[Subsystems] Discovering subsystems at path C:/Program Files/Unity/Hub/Editor/2020.2.3f1/Editor/Data/Resources/UnitySubsystems
[Subsystems] Discovering subsystems at path C:/Users/User/Documents/GitHub/IGME671-Final-Project/Game Project/Assets
GfxDevice: creating device client; threaded=0
Direct3D:
    Version:  Direct3D 11.0 [level 11.1]
    Renderer: NVIDIA GeForce RTX 3080 (ID=0x2206)
    Vendor:   
    VRAM:     10077 MB
    Driver:   27.21.14.6192
Initialize mono
Mono path[0] = 'C:/Program Files/Unity/Hub/Editor/2020.2.3f1/Editor/Data/Managed'
Mono path[1] = 'C:/Program Files/Unity/Hub/Editor/2020.2.3f1/Editor/Data/MonoBleedingEdge/lib/mono/unityjit'
Mono config path = 'C:/Program Files/Unity/Hub/Editor/2020.2.3f1/Editor/Data/MonoBleedingEdge/etc'
Using monoOptions --debugger-agent=transport=dt_socket,embedding=1,server=y,suspend=n,address=127.0.0.1:56648
Begin MonoManager ReloadAssembly
Registering precompiled unity dll's ...
Register platform support module: C:/Program Files/Unity/Hub/Editor/2020.2.3f1/Editor/Data/PlaybackEngines/WindowsStandaloneSupport/UnityEditor.WindowsStandalone.Extensions.dll
Registered in 0.001593 seconds.
Native extension for WindowsStandalone target not found
Refreshing native plugins compatible for Editor in 49.17 ms, found 2 plugins.
Preloading 0 native plugins for Editor in 0.00 ms.
Invoked RoslynAnalysisRunner static constructor.
RoslynAnalysisRunner will not be running.
RoslynAnalysisRunner has terminated.
Mono: successfully reloaded assembly
- Completed reload, in  1.786 seconds
Platform modules already initialized, skipping
Registering precompiled user dll's ...
Registered in 0.004300 seconds.
Begin MonoManager ReloadAssembly
Native extension for WindowsStandalone target not found
Refreshing native plugins compatible for Editor in 43.92 ms, found 2 plugins.
Preloading 0 native plugins for Editor in 0.00 ms.
Invoked RoslynAnalysisRunner static constructor.
RoslynAnalysisRunner will not be running.
RoslynAnalysisRunner has terminated.
RefreshInfo: StopAssetImportingV2(NoUpdateAssetOptions) scanfilter: 
RefreshProfiler: Total: 0.000ms
Mono: successfully reloaded assembly
- Completed reload, in  0.836 seconds
Platform modules already initialized, skipping
========================================================================
Worker process is ready to serve import requests
Launched and connected shader compiler UnityShaderCompiler.exe after 0.03 seconds
Refreshing native plugins compatible for Editor in 0.91 ms, found 2 plugins.
Preloading 0 native plugins for Editor in 0.00 ms.
Unloading 6 Unused Serialized files (Serialized files now loaded: 0)
System memory in use before: 61.3 MB.
System memory in use after: 61.4 MB.

Unloading 93 unused Assets to reduce memory usage. Loaded Objects now: 2346.
Total: 2.306800 ms (FindLiveObjects: 0.364900 ms CreateObjectMapping: 0.071500 ms MarkObjects: 1.782200 ms  DeleteObjects: 0.087200 ms)

========================================================================
Received Import Request.
  path: Assets/Scripts/Player Control/PlayerMovement.cs
  artifactKey: Guid(8e13e9ff9aa0838499bc4005f1a4374a) Importer(815301076,1909f56bfc062723c751e8b465ee728b)
Start importing Assets/Scripts/Player Control/PlayerMovement.cs using Guid(8e13e9ff9aa0838499bc4005f1a4374a) Importer(815301076,1909f56bfc062723c751e8b465ee728b)  -> (artifact id: '8da7f6dd62af2e5623e78e95a87eb2d4') in 0.020197 seconds
  Import took 0.023460 seconds .

========================================================================
Received Import Request.
  Time since last request: 84.547051 seconds.
  path: Assets/Scripts/Player Control/PlayerMovement.cs
  artifactKey: Guid(8e13e9ff9aa0838499bc4005f1a4374a) Importer(815301076,1909f56bfc062723c751e8b465ee728b)
Start importing Assets/Scripts/Player Control/PlayerMovement.cs using Guid(8e13e9ff9aa0838499bc4005f1a4374a) Importer(815301076,1909f56bfc062723c751e8b465ee728b)  -> (artifact id: '4cd9d69fa352ec968cfcf6d96b261d83') in 0.002095 seconds
  Import took 0.005047 seconds .

========================================================================
Received Prepare
Registering precompiled user dll's ...
Registered in 0.003902 seconds.
Begin MonoManager ReloadAssembly
Native extension for WindowsStandalone target not found
Refreshing native plugins compatible for Editor in 0.92 ms, found 2 plugins.
Preloading 0 native plugins for Editor in 0.00 ms.
Invoked RoslynAnalysisRunner static constructor.
RoslynAnalysisRunner will not be running.
RoslynAnalysisRunner has terminated.
RefreshInfo: StopAssetImportingV2(NoUpdateAssetOptions) scanfilter: 
RefreshProfiler: Total: 0.000ms
Mono: successfully reloaded assembly
- Completed reload, in  0.721 seconds
Platform modules already initialized, skipping
Refreshing native plugins compatible for Editor in 0.92 ms, found 2 plugins.
Preloading 0 native plugins for Editor in 0.00 ms.
Unloading 1 Unused Serialized files (Serialized files now loaded: 0)
System memory in use before: 61.4 MB.
System memory in use after: 61.6 MB.

Unloading 83 unused Assets to reduce memory usage. Loaded Objects now: 2348.
Total: 2.174300 ms (FindLiveObjects: 0.301800 ms CreateObjectMapping: 0.114300 ms MarkObjects: 1.718400 ms  DeleteObjects: 0.039000 ms)

AssetImportWorkerClient::OnTransportError - code=2 error=End of file
